<?xml version="1.0" encoding="UTF-8"?><testsuite errors="1" failures="0" name="Sign Up uTest page" skipped="0" tests="1" time="3.48" timestamp="2022-03-03 12:12:48"><testcase name="A user new in the platform uTest"><error message="Could not instantiate class org.openqa.selenium.firefox.FirefoxDriver" type="net.thucydides.core.webdriver.DriverConfigurationError">Could not instantiate class org.openqa.selenium.firefox.FirefoxDriver</error><system-err>Could not instantiate class org.openqa.selenium.firefox.FirefoxDriver&#13;
co.com.choucair.reto.utest.taks.OpenUp.performAs(OpenUp.java:19)&#13;
co.com.choucair.reto.utest.stepdefinitions.UtestSignUpStepDefinitions.thanBrandonWantsToSignUpAtTheUTestPage(UtestSignUpStepDefinitions.java:20)&#13;
cucumber.runner.Runner.runPickle(Runner.java:80)&#13;
</system-err></testcase></testsuite>